# JRE version: OpenJDK Runtime Environment Temurin-22.0.2+9 (22.0.2+9) (build 22.0.2+9)
# Java VM: OpenJDK 64-Bit Server VM Temurin-22.0.2+9 (22.0.2+9, mixed mode, tiered, compressed oops, compressed class ptrs, g1 gc, windows-amd64)
GC Precious Log:
 CardTable entry size: 512
 Card Set container configuration: InlinePtr #cards 4 size 8 Array Of Cards #cards 32 size 80 Howl #buckets 8 coarsen threshold 7372 Howl Bitmap #cards 1024 size 144 coarsen threshold 921 Card regions per heap region 1 cards per card region 8192
 CPUs: 16 total, 16 available
 Memory: 32689M
 Large Page Support: Disabled
 NUMA Support: Disabled
 Compressed Oops: Enabled (Zero based)
 Heap Region Size: 4M
 Heap Min Capacity: 8M
 Heap Initial Capacity: 512M
 Heap Max Capacity: 8176M
 Pre-touch: Disabled
 Parallel Workers: 13
 Concurrent Workers: 3
 Concurrent Refinement Workers: 13
 Periodic GC: Disabled
Heap:
 garbage-first heap   total reserved 8372224K, committed 98304K, used 42788K [0x0000000601000000, 0x0000000800000000)
  region size 4096K, 3 young (12288K), 1 survivors (4096K)
 Metaspace       used 89687K, committed 90496K, reserved 1179648K
  class space    used 11493K, committed 11840K, reserved 1048576K
GC Heap History (20 events):
Event: 1313.451 GC heap before
{Heap before GC invocations=29 (full 0):
 garbage-first heap   total reserved 8372224K, committed 98304K, used 83482K [0x0000000601000000, 0x0000000800000000)
  region size 4096K, 12 young (49152K), 1 survivors (4096K)
 Metaspace       used 89656K, committed 90496K, reserved 1179648K
  class space    used 11493K, committed 11840K, reserved 1048576K
}
Event: 1313.453 GC heap after
{Heap after GC invocations=30 (full 0):
 garbage-first heap   total reserved 8372224K, committed 98304K, used 38446K [0x0000000601000000, 0x0000000800000000)
  region size 4096K, 1 young (4096K), 1 survivors (4096K)
 Metaspace       used 89656K, committed 90496K, reserved 1179648K
  class space    used 11493K, committed 11840K, reserved 1048576K
}
Event: 1314.314 GC heap before
{Heap before GC invocations=30 (full 0):
 garbage-first heap   total reserved 8372224K, committed 98304K, used 83502K [0x0000000601000000, 0x0000000800000000)
  region size 4096K, 12 young (49152K), 1 survivors (4096K)
 Metaspace       used 89657K, committed 90496K, reserved 1179648K
  class space    used 11493K, committed 11840K, reserved 1048576K
}
Event: 1314.316 GC heap after
{Heap after GC invocations=31 (full 0):
 garbage-first heap   total reserved 8372224K, committed 98304K, used 38549K [0x0000000601000000, 0x0000000800000000)
  region size 4096K, 1 young (4096K), 1 survivors (4096K)
 Metaspace       used 89657K, committed 90496K, reserved 1179648K
  class space    used 11493K, committed 11840K, reserved 1048576K
}
Event: 1315.211 GC heap before
{Heap before GC invocations=31 (full 0):
 garbage-first heap   total reserved 8372224K, committed 98304K, used 83605K [0x0000000601000000, 0x0000000800000000)
  region size 4096K, 12 young (49152K), 1 survivors (4096K)
 Metaspace       used 89663K, committed 90496K, reserved 1179648K
  class space    used 11493K, committed 11840K, reserved 1048576K
}
Event: 1315.212 GC heap after
{Heap after GC invocations=32 (full 0):
 garbage-first heap   total reserved 8372224K, committed 98304K, used 38647K [0x0000000601000000, 0x0000000800000000)
  region size 4096K, 1 young (4096K), 1 survivors (4096K)
 Metaspace       used 89663K, committed 90496K, reserved 1179648K
  class space    used 11493K, committed 11840K, reserved 1048576K
}
Event: 1315.988 GC heap before
{Heap before GC invocations=32 (full 0):
 garbage-first heap   total reserved 8372224K, committed 98304K, used 79607K [0x0000000601000000, 0x0000000800000000)
  region size 4096K, 11 young (45056K), 1 survivors (4096K)
 Metaspace       used 89664K, committed 90496K, reserved 1179648K
  class space    used 11493K, committed 11840K, reserved 1048576K
}
Event: 1315.989 GC heap after
{Heap after GC invocations=33 (full 0):
 garbage-first heap   total reserved 8372224K, committed 98304K, used 38651K [0x0000000601000000, 0x0000000800000000)
  region size 4096K, 1 young (4096K), 1 survivors (4096K)
 Metaspace       used 89664K, committed 90496K, reserved 1179648K
  class space    used 11493K, committed 11840K, reserved 1048576K
}
Event: 1316.768 GC heap before
{Heap before GC invocations=33 (full 0):
 garbage-first heap   total reserved 8372224K, committed 98304K, used 79611K [0x0000000601000000, 0x0000000800000000)
  region size 4096K, 11 young (45056K), 1 survivors (4096K)
 Metaspace       used 89666K, committed 90496K, reserved 1179648K
  class space    used 11493K, committed 11840K, reserved 1048576K
}
Event: 1316.768 GC heap after
{Heap after GC invocations=34 (full 0):
 garbage-first heap   total reserved 8372224K, committed 98304K, used 38650K [0x0000000601000000, 0x0000000800000000)
  region size 4096K, 1 young (4096K), 1 survivors (4096K)
 Metaspace       used 89666K, committed 90496K, reserved 1179648K
  class space    used 11493K, committed 11840K, reserved 1048576K
}
Event: 1317.538 GC heap before
{Heap before GC invocations=34 (full 0):
 garbage-first heap   total reserved 8372224K, committed 98304K, used 79610K [0x0000000601000000, 0x0000000800000000)
  region size 4096K, 11 young (45056K), 1 survivors (4096K)
 Metaspace       used 89666K, committed 90496K, reserved 1179648K
  class space    used 11493K, committed 11840K, reserved 1048576K
}
Event: 1317.539 GC heap after
{Heap after GC invocations=35 (full 0):
 garbage-first heap   total reserved 8372224K, committed 98304K, used 38656K [0x0000000601000000, 0x0000000800000000)
  region size 4096K, 1 young (4096K), 1 survivors (4096K)
 Metaspace       used 89666K, committed 90496K, reserved 1179648K
  class space    used 11493K, committed 11840K, reserved 1048576K
}
Event: 1318.335 GC heap before
{Heap before GC invocations=35 (full 0):
 garbage-first heap   total reserved 8372224K, committed 98304K, used 79616K [0x0000000601000000, 0x0000000800000000)
  region size 4096K, 11 young (45056K), 1 survivors (4096K)
 Metaspace       used 89667K, committed 90496K, reserved 1179648K
  class space    used 11493K, committed 11840K, reserved 1048576K
}
Event: 1318.336 GC heap after
{Heap after GC invocations=36 (full 0):
 garbage-first heap   total reserved 8372224K, committed 98304K, used 38654K [0x0000000601000000, 0x0000000800000000)
  region size 4096K, 1 young (4096K), 1 survivors (4096K)
 Metaspace       used 89667K, committed 90496K, reserved 1179648K
  class space    used 11493K, committed 11840K, reserved 1048576K
}
Event: 1319.115 GC heap before
{Heap before GC invocations=36 (full 0):
 garbage-first heap   total reserved 8372224K, committed 98304K, used 79614K [0x0000000601000000, 0x0000000800000000)
  region size 4096K, 11 young (45056K), 1 survivors (4096K)
 Metaspace       used 89667K, committed 90496K, reserved 1179648K
  class space    used 11493K, committed 11840K, reserved 1048576K
}
Event: 1319.116 GC heap after
{Heap after GC invocations=37 (full 0):
 garbage-first heap   total reserved 8372224K, committed 98304K, used 38670K [0x0000000601000000, 0x0000000800000000)
  region size 4096K, 1 young (4096K), 1 survivors (4096K)
 Metaspace       used 89667K, committed 90496K, reserved 1179648K
  class space    used 11493K, committed 11840K, reserved 1048576K
}
Event: 1319.947 GC heap before
{Heap before GC invocations=37 (full 0):
 garbage-first heap   total reserved 8372224K, committed 98304K, used 79630K [0x0000000601000000, 0x0000000800000000)
  region size 4096K, 11 young (45056K), 1 survivors (4096K)
 Metaspace       used 89672K, committed 90496K, reserved 1179648K
  class space    used 11493K, committed 11840K, reserved 1048576K
}
Event: 1319.948 GC heap after
{Heap after GC invocations=38 (full 0):
 garbage-first heap   total reserved 8372224K, committed 98304K, used 38670K [0x0000000601000000, 0x0000000800000000)
  region size 4096K, 1 young (4096K), 1 survivors (4096K)
 Metaspace       used 89672K, committed 90496K, reserved 1179648K
  class space    used 11493K, committed 11840K, reserved 1048576K
}
Event: 1342.926 GC heap before
{Heap before GC invocations=38 (full 0):
 garbage-first heap   total reserved 8372224K, committed 98304K, used 79630K [0x0000000601000000, 0x0000000800000000)
  region size 4096K, 11 young (45056K), 1 survivors (4096K)
 Metaspace       used 89682K, committed 90496K, reserved 1179648K
  class space    used 11493K, committed 11840K, reserved 1048576K
}
Event: 1342.927 GC heap after
{Heap after GC invocations=39 (full 0):
 garbage-first heap   total reserved 8372224K, committed 98304K, used 38692K [0x0000000601000000, 0x0000000800000000)
  region size 4096K, 1 young (4096K), 1 survivors (4096K)
 Metaspace       used 89682K, committed 90496K, reserved 1179648K
  class space    used 11493K, committed 11840K, reserved 1048576K
}

