# JRE version: OpenJDK Runtime Environment Temurin-22.0.2+9 (22.0.2+9) (build 22.0.2+9)
# Java VM: OpenJDK 64-Bit Server VM Temurin-22.0.2+9 (22.0.2+9, mixed mode, tiered, compressed oops, compressed class ptrs, g1 gc, windows-amd64)
GC Precious Log:
 CardTable entry size: 512
 Card Set container configuration: InlinePtr #cards 4 size 8 Array Of Cards #cards 32 size 80 Howl #buckets 8 coarsen threshold 7372 Howl Bitmap #cards 1024 size 144 coarsen threshold 921 Card regions per heap region 1 cards per card region 8192
 CPUs: 16 total, 16 available
 Memory: 32689M
 Large Page Support: Disabled
 NUMA Support: Disabled
 Compressed Oops: Enabled (Zero based)
 Heap Region Size: 4M
 Heap Min Capacity: 8M
 Heap Initial Capacity: 512M
 Heap Max Capacity: 8176M
 Pre-touch: Disabled
 Parallel Workers: 13
 Concurrent Workers: 3
 Concurrent Refinement Workers: 13
 Periodic GC: Disabled
Heap:
 garbage-first heap   total reserved 8372224K, committed 139264K, used 37370K [0x0000000601000000, 0x0000000800000000)
  region size 4096K, 3 young (12288K), 2 survivors (8192K)
 Metaspace       used 89163K, committed 89984K, reserved 1179648K
  class space    used 11496K, committed 11840K, reserved 1048576K
GC Heap History (20 events):
Event: 30.888 GC heap before
{Heap before GC invocations=23 (full 0):
 garbage-first heap   total reserved 8372224K, committed 139264K, used 111666K [0x0000000601000000, 0x0000000800000000)
  region size 4096K, 20 young (81920K), 2 survivors (8192K)
 Metaspace       used 89125K, committed 89920K, reserved 1179648K
  class space    used 11493K, committed 11840K, reserved 1048576K
}
Event: 30.890 GC heap after
{Heap after GC invocations=24 (full 0):
 garbage-first heap   total reserved 8372224K, committed 139264K, used 38019K [0x0000000601000000, 0x0000000800000000)
  region size 4096K, 2 young (8192K), 2 survivors (8192K)
 Metaspace       used 89125K, committed 89920K, reserved 1179648K
  class space    used 11493K, committed 11840K, reserved 1048576K
}
Event: 31.859 GC heap before
{Heap before GC invocations=24 (full 0):
 garbage-first heap   total reserved 8372224K, committed 139264K, used 111747K [0x0000000601000000, 0x0000000800000000)
  region size 4096K, 20 young (81920K), 2 survivors (8192K)
 Metaspace       used 89133K, committed 89920K, reserved 1179648K
  class space    used 11493K, committed 11840K, reserved 1048576K
}
Event: 31.862 GC heap after
{Heap after GC invocations=25 (full 0):
 garbage-first heap   total reserved 8372224K, committed 139264K, used 36893K [0x0000000601000000, 0x0000000800000000)
  region size 4096K, 2 young (8192K), 2 survivors (8192K)
 Metaspace       used 89133K, committed 89920K, reserved 1179648K
  class space    used 11493K, committed 11840K, reserved 1048576K
}
Event: 32.782 GC heap before
{Heap before GC invocations=25 (full 0):
 garbage-first heap   total reserved 8372224K, committed 139264K, used 110621K [0x0000000601000000, 0x0000000800000000)
  region size 4096K, 20 young (81920K), 2 survivors (8192K)
 Metaspace       used 89134K, committed 89920K, reserved 1179648K
  class space    used 11494K, committed 11840K, reserved 1048576K
}
Event: 32.784 GC heap after
{Heap after GC invocations=26 (full 0):
 garbage-first heap   total reserved 8372224K, committed 139264K, used 37018K [0x0000000601000000, 0x0000000800000000)
  region size 4096K, 2 young (8192K), 2 survivors (8192K)
 Metaspace       used 89134K, committed 89920K, reserved 1179648K
  class space    used 11494K, committed 11840K, reserved 1048576K
}
Event: 33.570 GC heap before
{Heap before GC invocations=27 (full 0):
 garbage-first heap   total reserved 8372224K, committed 139264K, used 110746K [0x0000000601000000, 0x0000000800000000)
  region size 4096K, 20 young (81920K), 2 survivors (8192K)
 Metaspace       used 89137K, committed 89920K, reserved 1179648K
  class space    used 11494K, committed 11840K, reserved 1048576K
}
Event: 33.573 GC heap after
{Heap after GC invocations=28 (full 0):
 garbage-first heap   total reserved 8372224K, committed 139264K, used 37128K [0x0000000601000000, 0x0000000800000000)
  region size 4096K, 2 young (8192K), 2 survivors (8192K)
 Metaspace       used 89137K, committed 89920K, reserved 1179648K
  class space    used 11494K, committed 11840K, reserved 1048576K
}
Event: 34.320 GC heap before
{Heap before GC invocations=28 (full 0):
 garbage-first heap   total reserved 8372224K, committed 139264K, used 110856K [0x0000000601000000, 0x0000000800000000)
  region size 4096K, 20 young (81920K), 2 survivors (8192K)
 Metaspace       used 89139K, committed 89920K, reserved 1179648K
  class space    used 11494K, committed 11840K, reserved 1048576K
}
Event: 34.323 GC heap after
{Heap after GC invocations=29 (full 0):
 garbage-first heap   total reserved 8372224K, committed 139264K, used 37044K [0x0000000601000000, 0x0000000800000000)
  region size 4096K, 2 young (8192K), 2 survivors (8192K)
 Metaspace       used 89139K, committed 89920K, reserved 1179648K
  class space    used 11494K, committed 11840K, reserved 1048576K
}
Event: 35.023 GC heap before
{Heap before GC invocations=29 (full 0):
 garbage-first heap   total reserved 8372224K, committed 139264K, used 110772K [0x0000000601000000, 0x0000000800000000)
  region size 4096K, 20 young (81920K), 2 survivors (8192K)
 Metaspace       used 89144K, committed 89920K, reserved 1179648K
  class space    used 11495K, committed 11840K, reserved 1048576K
}
Event: 35.025 GC heap after
{Heap after GC invocations=30 (full 0):
 garbage-first heap   total reserved 8372224K, committed 139264K, used 37337K [0x0000000601000000, 0x0000000800000000)
  region size 4096K, 2 young (8192K), 2 survivors (8192K)
 Metaspace       used 89144K, committed 89920K, reserved 1179648K
  class space    used 11495K, committed 11840K, reserved 1048576K
}
Event: 35.706 GC heap before
{Heap before GC invocations=31 (full 0):
 garbage-first heap   total reserved 8372224K, committed 139264K, used 111065K [0x0000000601000000, 0x0000000800000000)
  region size 4096K, 20 young (81920K), 2 survivors (8192K)
 Metaspace       used 89150K, committed 89920K, reserved 1179648K
  class space    used 11496K, committed 11840K, reserved 1048576K
}
Event: 35.708 GC heap after
{Heap after GC invocations=32 (full 0):
 garbage-first heap   total reserved 8372224K, committed 139264K, used 37587K [0x0000000601000000, 0x0000000800000000)
  region size 4096K, 2 young (8192K), 2 survivors (8192K)
 Metaspace       used 89150K, committed 89920K, reserved 1179648K
  class space    used 11496K, committed 11840K, reserved 1048576K
}
Event: 36.374 GC heap before
{Heap before GC invocations=32 (full 0):
 garbage-first heap   total reserved 8372224K, committed 139264K, used 111315K [0x0000000601000000, 0x0000000800000000)
  region size 4096K, 20 young (81920K), 2 survivors (8192K)
 Metaspace       used 89150K, committed 89984K, reserved 1179648K
  class space    used 11496K, committed 11840K, reserved 1048576K
}
Event: 36.378 GC heap after
{Heap after GC invocations=33 (full 0):
 garbage-first heap   total reserved 8372224K, committed 139264K, used 37134K [0x0000000601000000, 0x0000000800000000)
  region size 4096K, 2 young (8192K), 2 survivors (8192K)
 Metaspace       used 89150K, committed 89984K, reserved 1179648K
  class space    used 11496K, committed 11840K, reserved 1048576K
}
Event: 37.077 GC heap before
{Heap before GC invocations=33 (full 0):
 garbage-first heap   total reserved 8372224K, committed 139264K, used 110862K [0x0000000601000000, 0x0000000800000000)
  region size 4096K, 20 young (81920K), 2 survivors (8192K)
 Metaspace       used 89151K, committed 89984K, reserved 1179648K
  class space    used 11496K, committed 11840K, reserved 1048576K
}
Event: 37.080 GC heap after
{Heap after GC invocations=34 (full 0):
 garbage-first heap   total reserved 8372224K, committed 139264K, used 37354K [0x0000000601000000, 0x0000000800000000)
  region size 4096K, 2 young (8192K), 2 survivors (8192K)
 Metaspace       used 89151K, committed 89984K, reserved 1179648K
  class space    used 11496K, committed 11840K, reserved 1048576K
}
Event: 37.699 GC heap before
{Heap before GC invocations=35 (full 0):
 garbage-first heap   total reserved 8372224K, committed 139264K, used 111082K [0x0000000601000000, 0x0000000800000000)
  region size 4096K, 20 young (81920K), 2 survivors (8192K)
 Metaspace       used 89162K, committed 89984K, reserved 1179648K
  class space    used 11496K, committed 11840K, reserved 1048576K
}
Event: 37.701 GC heap after
{Heap after GC invocations=36 (full 0):
 garbage-first heap   total reserved 8372224K, committed 139264K, used 37370K [0x0000000601000000, 0x0000000800000000)
  region size 4096K, 2 young (8192K), 2 survivors (8192K)
 Metaspace       used 89162K, committed 89984K, reserved 1179648K
  class space    used 11496K, committed 11840K, reserved 1048576K
}

